app/build/intermediates/manifest_merge_blame_file/debug/manifest-merger-blame-debug-report.txt
1<?xml version="1.0" encoding="utf-8"?>
2<manifest xmlns:android="http://schemas.android.com/apk/res/android"
3    package="com.example.bookland"
4    android:versionCode="1"
5    android:versionName="1.0" >
6
7    <uses-sdk
8        android:minSdkVersion="22"
8-->src\main\AndroidManifest.xml
9        android:targetSdkVersion="28" />
9-->src\main\AndroidManifest.xml
10
11    <uses-permission android:name="android.permission.INTERNET" />
11-->src\main\AndroidManifest.xml:6:5-67
11-->src\main\AndroidManifest.xml:6:22-64
12    <uses-permission android:name="android.permission.ACCESS_NETWORK_STATE" />
12-->src\main\AndroidManifest.xml:7:5-79
12-->src\main\AndroidManifest.xml:7:22-76
13    <uses-permission android:name="android.permission.CAMERA" />
13-->src\main\AndroidManifest.xml:8:5-65
13-->src\main\AndroidManifest.xml:8:22-62
14
15    <!-- Optional permission for Analytics to run. -->
16    <uses-permission android:name="android.permission.WAKE_LOCK" /> <!-- Required by older versions of Google Play services to create GCM registration tokens -->
16-->[com.google.android.gms:play-services-analytics:12.0.1] AndroidManifest.xml:27:5-68
16-->[com.google.android.gms:play-services-analytics:12.0.1] AndroidManifest.xml:27:22-65
17    <uses-permission android:name="com.google.android.c2dm.permission.RECEIVE" />
17-->[com.google.android.gms:play-services-gcm:12.0.1] AndroidManifest.xml:23:5-82
17-->[com.google.android.gms:play-services-gcm:12.0.1] AndroidManifest.xml:23:22-79
18
19    <uses-feature
19-->[com.google.android.gms:play-services-maps:12.0.1] AndroidManifest.xml:26:5-28:35
20        android:glEsVersion="0x00020000"
20-->[com.google.android.gms:play-services-maps:12.0.1] AndroidManifest.xml:27:9-41
21        android:required="true" />
21-->[com.google.android.gms:play-services-maps:12.0.1] AndroidManifest.xml:28:9-32
22
23    <permission
23-->[com.google.firebase:firebase-iid:12.0.1] AndroidManifest.xml:28:5-30:47
24        android:name="com.example.bookland.permission.C2D_MESSAGE"
24-->[com.google.firebase:firebase-iid:12.0.1] AndroidManifest.xml:29:9-63
25        android:protectionLevel="signature" />
25-->[com.google.firebase:firebase-iid:12.0.1] AndroidManifest.xml:30:9-44
26
27    <uses-permission android:name="com.example.bookland.permission.C2D_MESSAGE" />
27-->[com.google.firebase:firebase-iid:12.0.1] AndroidManifest.xml:32:5-79
27-->[com.google.firebase:firebase-iid:12.0.1] AndroidManifest.xml:32:22-76
28
29    <application
29-->src\main\AndroidManifest.xml:10:5-44:19
30        android:allowBackup="true"
30-->src\main\AndroidManifest.xml:11:9-35
31        android:appComponentFactory="android.support.v4.app.CoreComponentFactory"
31-->[com.android.support:support-compat:28.0.0] AndroidManifest.xml:22:18-91
32        android:debuggable="true"
33        android:icon="@drawable/scholarship"
33-->src\main\AndroidManifest.xml:12:9-45
34        android:label="@string/app_name"
34-->src\main\AndroidManifest.xml:13:9-41
35        android:roundIcon="@drawable/books_logo"
35-->src\main\AndroidManifest.xml:14:9-49
36        android:supportsRtl="true"
36-->src\main\AndroidManifest.xml:15:9-35
37        android:testOnly="true"
38        android:theme="@style/AppTheme" >
38-->src\main\AndroidManifest.xml:16:9-40
39        <meta-data
39-->src\main\AndroidManifest.xml:19:9-21:39
40            android:name="com.google.android.gms.vision.DEPENDENCIES"
40-->src\main\AndroidManifest.xml:20:13-70
41            android:value="barcode" />
41-->src\main\AndroidManifest.xml:21:13-36
42
43        <activity android:name="com.example.bookland.BarCodeScannerAvtivity" />
43-->src\main\AndroidManifest.xml:23:9-60
43-->src\main\AndroidManifest.xml:23:19-57
44        <activity
44-->src\main\AndroidManifest.xml:24:9-32:20
45            android:name="com.example.bookland.SplashActivity"
45-->src\main\AndroidManifest.xml:25:13-43
46            android:theme="@style/SplashScreenTheme" >
46-->src\main\AndroidManifest.xml:26:13-53
47            <intent-filter>
47-->src\main\AndroidManifest.xml:27:13-31:29
48                <action android:name="android.intent.action.MAIN" />
48-->src\main\AndroidManifest.xml:28:17-69
48-->src\main\AndroidManifest.xml:28:25-66
49
50                <category android:name="android.intent.category.LAUNCHER" />
50-->src\main\AndroidManifest.xml:30:17-77
50-->src\main\AndroidManifest.xml:30:27-74
51            </intent-filter>
52        </activity>
53        <activity android:name="com.example.bookland.BooksActivity" />
53-->src\main\AndroidManifest.xml:33:9-35:40
53-->src\main\AndroidManifest.xml:34:13-42
54        <activity
54-->src\main\AndroidManifest.xml:36:9-43:20
55            android:name="com.example.bookland.SettingsActivity"
55-->src\main\AndroidManifest.xml:37:13-45
56            android:label="@string/settings_title"
56-->src\main\AndroidManifest.xml:38:13-51
57            android:theme="@style/SettingsTheme" >
57-->src\main\AndroidManifest.xml:39:13-49
58            <meta-data
58-->src\main\AndroidManifest.xml:40:13-42:70
59                android:name="android.support.PARENT_ACTIVITY"
59-->src\main\AndroidManifest.xml:41:17-63
60                android:value="com.example.bookland.BooksActivity" />
60-->src\main\AndroidManifest.xml:42:17-67
61        </activity>
62
63        <receiver android:name="com.google.android.gms.cast.framework.media.MediaIntentReceiver" />
63-->[com.google.android.gms:play-services-cast-framework:12.0.1] AndroidManifest.xml:8:9-100
63-->[com.google.android.gms:play-services-cast-framework:12.0.1] AndroidManifest.xml:8:19-97
64
65        <service android:name="com.google.android.gms.cast.framework.media.MediaNotificationService" />
65-->[com.google.android.gms:play-services-cast-framework:12.0.1] AndroidManifest.xml:10:9-104
65-->[com.google.android.gms:play-services-cast-framework:12.0.1] AndroidManifest.xml:10:18-101
66        <service android:name="com.google.android.gms.cast.framework.ReconnectionService" />
66-->[com.google.android.gms:play-services-cast-framework:12.0.1] AndroidManifest.xml:11:9-93
66-->[com.google.android.gms:play-services-cast-framework:12.0.1] AndroidManifest.xml:11:18-90
67
68        <meta-data
68-->[com.android.support:mediarouter-v7:26.1.0] AndroidManifest.xml:23:9-25:38
69            android:name="android.support.VERSION"
69-->[com.android.support:mediarouter-v7:26.1.0] AndroidManifest.xml:24:13-51
70            android:value="26.1.0" /> <!-- Include the AdActivity and InAppPurchaseActivity configChanges and themes. -->
70-->[com.android.support:mediarouter-v7:26.1.0] AndroidManifest.xml:25:13-35
71        <activity
71-->[com.google.android.gms:play-services-ads-lite:12.0.1] AndroidManifest.xml:29:9-33:64
72            android:name="com.google.android.gms.ads.AdActivity"
72-->[com.google.android.gms:play-services-ads-lite:12.0.1] AndroidManifest.xml:30:13-65
73            android:configChanges="keyboard|keyboardHidden|orientation|screenLayout|uiMode|screenSize|smallestScreenSize"
73-->[com.google.android.gms:play-services-ads-lite:12.0.1] AndroidManifest.xml:31:13-122
74            android:exported="false"
74-->[com.google.android.gms:play-services-ads-lite:12.0.1] AndroidManifest.xml:32:13-37
75            android:theme="@android:style/Theme.Translucent" />
75-->[com.google.android.gms:play-services-ads-lite:12.0.1] AndroidManifest.xml:33:13-61
76
77        <receiver
77-->[com.google.android.gms:play-services-analytics:12.0.1] AndroidManifest.xml:30:9-34:20
78            android:name="com.google.android.gms.analytics.AnalyticsReceiver"
78-->[com.google.android.gms:play-services-analytics:12.0.1] AndroidManifest.xml:31:13-78
79            android:enabled="true"
79-->[com.google.android.gms:play-services-analytics:12.0.1] AndroidManifest.xml:32:13-35
80            android:exported="false" >
80-->[com.google.android.gms:play-services-analytics:12.0.1] AndroidManifest.xml:33:13-37
81        </receiver>
82
83        <service
83-->[com.google.android.gms:play-services-analytics:12.0.1] AndroidManifest.xml:36:9-39:40
84            android:name="com.google.android.gms.analytics.AnalyticsService"
84-->[com.google.android.gms:play-services-analytics:12.0.1] AndroidManifest.xml:37:13-77
85            android:enabled="true"
85-->[com.google.android.gms:play-services-analytics:12.0.1] AndroidManifest.xml:38:13-35
86            android:exported="false" />
86-->[com.google.android.gms:play-services-analytics:12.0.1] AndroidManifest.xml:39:13-37
87        <service
87-->[com.google.android.gms:play-services-analytics:12.0.1] AndroidManifest.xml:40:9-44:72
88            android:name="com.google.android.gms.analytics.AnalyticsJobService"
88-->[com.google.android.gms:play-services-analytics:12.0.1] AndroidManifest.xml:41:13-80
89            android:enabled="true"
89-->[com.google.android.gms:play-services-analytics:12.0.1] AndroidManifest.xml:42:13-35
90            android:exported="false"
90-->[com.google.android.gms:play-services-analytics:12.0.1] AndroidManifest.xml:43:13-37
91            android:permission="android.permission.BIND_JOB_SERVICE" />
91-->[com.google.android.gms:play-services-analytics:12.0.1] AndroidManifest.xml:44:13-69
92
93        <activity
93-->[com.google.android.gms:play-services-appinvite:12.0.1] AndroidManifest.xml:25:9-34:20
94            android:name="com.google.android.gms.appinvite.PreviewActivity"
94-->[com.google.android.gms:play-services-appinvite:12.0.1] AndroidManifest.xml:26:13-76
95            android:exported="true"
95-->[com.google.android.gms:play-services-appinvite:12.0.1] AndroidManifest.xml:27:13-36
96            android:theme="@style/Theme.AppInvite.Preview" >
96-->[com.google.android.gms:play-services-appinvite:12.0.1] AndroidManifest.xml:28:13-59
97            <intent-filter>
97-->[com.google.android.gms:play-services-appinvite:12.0.1] AndroidManifest.xml:29:13-33:29
98                <action android:name="com.google.android.gms.appinvite.ACTION_PREVIEW" />
98-->[com.google.android.gms:play-services-appinvite:12.0.1] AndroidManifest.xml:30:17-90
98-->[com.google.android.gms:play-services-appinvite:12.0.1] AndroidManifest.xml:30:25-87
99
100                <category android:name="android.intent.category.DEFAULT" />
100-->[com.google.android.gms:play-services-appinvite:12.0.1] AndroidManifest.xml:32:17-76
100-->[com.google.android.gms:play-services-appinvite:12.0.1] AndroidManifest.xml:32:27-73
101            </intent-filter>
102        </activity>
103        <activity
103-->[com.google.android.gms:play-services-auth:12.0.1] AndroidManifest.xml:23:9-27:75
104            android:name="com.google.android.gms.auth.api.signin.internal.SignInHubActivity"
104-->[com.google.android.gms:play-services-auth:12.0.1] AndroidManifest.xml:24:13-93
105            android:excludeFromRecents="true"
105-->[com.google.android.gms:play-services-auth:12.0.1] AndroidManifest.xml:25:13-46
106            android:exported="false"
106-->[com.google.android.gms:play-services-auth:12.0.1] AndroidManifest.xml:26:13-37
107            android:theme="@android:style/Theme.Translucent.NoTitleBar" />
107-->[com.google.android.gms:play-services-auth:12.0.1] AndroidManifest.xml:27:13-72
108        <!--
109            Service handling Google Sign-In user revocation. For apps that do not integrate with
110            Google Sign-In, this service will never be started.
111        -->
112        <service
112-->[com.google.android.gms:play-services-auth:12.0.1] AndroidManifest.xml:33:9-36:110
113            android:name="com.google.android.gms.auth.api.signin.RevocationBoundService"
113-->[com.google.android.gms:play-services-auth:12.0.1] AndroidManifest.xml:34:13-89
114            android:exported="true"
114-->[com.google.android.gms:play-services-auth:12.0.1] AndroidManifest.xml:35:13-36
115            android:permission="com.google.android.gms.auth.api.signin.permission.REVOCATION_NOTIFICATION" />
115-->[com.google.android.gms:play-services-auth:12.0.1] AndroidManifest.xml:36:13-107
116
117        <activity
117-->[com.google.firebase:firebase-auth:12.0.1] AndroidManifest.xml:23:9-29:75
118            android:name="com.google.firebase.auth.internal.FederatedSignInActivity"
118-->[com.google.firebase:firebase-auth:12.0.1] AndroidManifest.xml:24:13-85
119            android:excludeFromRecents="true"
119-->[com.google.firebase:firebase-auth:12.0.1] AndroidManifest.xml:25:13-46
120            android:exported="true"
120-->[com.google.firebase:firebase-auth:12.0.1] AndroidManifest.xml:26:13-36
121            android:launchMode="singleInstance"
121-->[com.google.firebase:firebase-auth:12.0.1] AndroidManifest.xml:27:13-48
122            android:permission="com.google.firebase.auth.api.gms.permission.LAUNCH_FEDERATED_SIGN_IN"
122-->[com.google.firebase:firebase-auth:12.0.1] AndroidManifest.xml:28:13-102
123            android:theme="@android:style/Theme.Translucent.NoTitleBar" />
123-->[com.google.firebase:firebase-auth:12.0.1] AndroidManifest.xml:29:13-72
124        <activity
124-->[com.google.android.gms:play-services-base:12.0.1] AndroidManifest.xml:23:9-26:75
125            android:name="com.google.android.gms.common.api.GoogleApiActivity"
125-->[com.google.android.gms:play-services-base:12.0.1] AndroidManifest.xml:24:13-79
126            android:exported="false"
126-->[com.google.android.gms:play-services-base:12.0.1] AndroidManifest.xml:25:13-37
127            android:theme="@android:style/Theme.Translucent.NoTitleBar" />
127-->[com.google.android.gms:play-services-base:12.0.1] AndroidManifest.xml:26:13-72
128        <!--
129             FirebaseMessagingService performs security checks at runtime,
130             no need for explicit permissions despite exported="true"
131        -->
132        <service
132-->[com.google.firebase:firebase-messaging:12.0.1] AndroidManifest.xml:28:9-34:19
133            android:name="com.google.firebase.messaging.FirebaseMessagingService"
133-->[com.google.firebase:firebase-messaging:12.0.1] AndroidManifest.xml:29:13-82
134            android:exported="true" >
134-->[com.google.firebase:firebase-messaging:12.0.1] AndroidManifest.xml:30:13-36
135            <intent-filter android:priority="-500" >
135-->[com.google.firebase:firebase-messaging:12.0.1] AndroidManifest.xml:31:13-33:29
135-->[com.google.firebase:firebase-messaging:12.0.1] AndroidManifest.xml:31:28-51
136                <action android:name="com.google.firebase.MESSAGING_EVENT" />
136-->[com.google.firebase:firebase-messaging:12.0.1] AndroidManifest.xml:32:17-78
136-->[com.google.firebase:firebase-messaging:12.0.1] AndroidManifest.xml:32:25-75
137            </intent-filter>
138        </service>
139        <service
139-->[com.google.android.gms:play-services-tagmanager-api:12.0.1] AndroidManifest.xml:27:9-30:40
140            android:name="com.google.android.gms.tagmanager.TagManagerService"
140-->[com.google.android.gms:play-services-tagmanager-api:12.0.1] AndroidManifest.xml:28:13-79
141            android:enabled="true"
141-->[com.google.android.gms:play-services-tagmanager-api:12.0.1] AndroidManifest.xml:29:13-35
142            android:exported="false" />
142-->[com.google.android.gms:play-services-tagmanager-api:12.0.1] AndroidManifest.xml:30:13-37
143
144        <activity
144-->[com.google.android.gms:play-services-tagmanager-api:12.0.1] AndroidManifest.xml:32:9-44:20
145            android:name="com.google.android.gms.tagmanager.TagManagerPreviewActivity"
145-->[com.google.android.gms:play-services-tagmanager-api:12.0.1] AndroidManifest.xml:33:13-87
146            android:exported="true"
146-->[com.google.android.gms:play-services-tagmanager-api:12.0.1] AndroidManifest.xml:34:13-36
147            android:noHistory="true" > <!-- optional, removes the previewActivity from the activity stack. -->
147-->[com.google.android.gms:play-services-tagmanager-api:12.0.1] AndroidManifest.xml:35:13-37
148            <intent-filter>
148-->[com.google.android.gms:play-services-tagmanager-api:12.0.1] AndroidManifest.xml:36:13-43:29
149                <data android:scheme="tagmanager.c.com.example.bookland" />
149-->[com.google.android.gms:play-services-tagmanager-api:12.0.1] AndroidManifest.xml:37:17-72
149-->[com.google.android.gms:play-services-tagmanager-api:12.0.1] AndroidManifest.xml:37:23-69
150
151                <action android:name="android.intent.action.VIEW" />
151-->[com.google.android.gms:play-services-tagmanager-api:12.0.1] AndroidManifest.xml:39:17-69
151-->[com.google.android.gms:play-services-tagmanager-api:12.0.1] AndroidManifest.xml:39:25-66
152
153                <category android:name="android.intent.category.DEFAULT" />
153-->[com.google.android.gms:play-services-appinvite:12.0.1] AndroidManifest.xml:32:17-76
153-->[com.google.android.gms:play-services-appinvite:12.0.1] AndroidManifest.xml:32:27-73
154                <category android:name="android.intent.category.BROWSABLE" />
154-->[com.google.android.gms:play-services-tagmanager-api:12.0.1] AndroidManifest.xml:42:17-78
154-->[com.google.android.gms:play-services-tagmanager-api:12.0.1] AndroidManifest.xml:42:27-75
155            </intent-filter>
156        </activity>
157
158        <receiver
158-->[com.google.firebase:firebase-analytics:12.0.1] AndroidManifest.xml:28:9-32:20
159            android:name="com.google.android.gms.measurement.AppMeasurementReceiver"
159-->[com.google.firebase:firebase-analytics:12.0.1] AndroidManifest.xml:29:13-85
160            android:enabled="true"
160-->[com.google.firebase:firebase-analytics:12.0.1] AndroidManifest.xml:30:13-35
161            android:exported="false" >
161-->[com.google.firebase:firebase-analytics:12.0.1] AndroidManifest.xml:31:13-37
162        </receiver>
163        <receiver
163-->[com.google.firebase:firebase-analytics:12.0.1] AndroidManifest.xml:33:9-41:20
164            android:name="com.google.android.gms.measurement.AppMeasurementInstallReferrerReceiver"
164-->[com.google.firebase:firebase-analytics:12.0.1] AndroidManifest.xml:34:13-100
165            android:enabled="true"
165-->[com.google.firebase:firebase-analytics:12.0.1] AndroidManifest.xml:35:13-35
166            android:exported="true"
166-->[com.google.firebase:firebase-analytics:12.0.1] AndroidManifest.xml:36:13-36
167            android:permission="android.permission.INSTALL_PACKAGES" >
167-->[com.google.firebase:firebase-analytics:12.0.1] AndroidManifest.xml:37:13-69
168            <intent-filter>
168-->[com.google.firebase:firebase-analytics:12.0.1] AndroidManifest.xml:38:13-40:29
169                <action android:name="com.android.vending.INSTALL_REFERRER" />
169-->[com.google.firebase:firebase-analytics:12.0.1] AndroidManifest.xml:39:17-79
169-->[com.google.firebase:firebase-analytics:12.0.1] AndroidManifest.xml:39:25-76
170            </intent-filter>
171        </receiver>
172
173        <service
173-->[com.google.firebase:firebase-analytics:12.0.1] AndroidManifest.xml:43:9-46:40
174            android:name="com.google.android.gms.measurement.AppMeasurementService"
174-->[com.google.firebase:firebase-analytics:12.0.1] AndroidManifest.xml:44:13-84
175            android:enabled="true"
175-->[com.google.firebase:firebase-analytics:12.0.1] AndroidManifest.xml:45:13-35
176            android:exported="false" />
176-->[com.google.firebase:firebase-analytics:12.0.1] AndroidManifest.xml:46:13-37
177        <service
177-->[com.google.firebase:firebase-analytics:12.0.1] AndroidManifest.xml:47:9-51:72
178            android:name="com.google.android.gms.measurement.AppMeasurementJobService"
178-->[com.google.firebase:firebase-analytics:12.0.1] AndroidManifest.xml:48:13-87
179            android:enabled="true"
179-->[com.google.firebase:firebase-analytics:12.0.1] AndroidManifest.xml:49:13-35
180            android:exported="false"
180-->[com.google.firebase:firebase-analytics:12.0.1] AndroidManifest.xml:50:13-37
181            android:permission="android.permission.BIND_JOB_SERVICE" />
181-->[com.google.firebase:firebase-analytics:12.0.1] AndroidManifest.xml:51:13-69
182
183        <receiver
183-->[com.google.firebase:firebase-iid:12.0.1] AndroidManifest.xml:35:9-44:20
184            android:name="com.google.firebase.iid.FirebaseInstanceIdReceiver"
184-->[com.google.firebase:firebase-iid:12.0.1] AndroidManifest.xml:36:13-78
185            android:exported="true"
185-->[com.google.firebase:firebase-iid:12.0.1] AndroidManifest.xml:37:13-36
186            android:permission="com.google.android.c2dm.permission.SEND" >
186-->[com.google.firebase:firebase-iid:12.0.1] AndroidManifest.xml:38:13-73
187            <intent-filter>
187-->[com.google.firebase:firebase-iid:12.0.1] AndroidManifest.xml:39:13-43:29
188                <action android:name="com.google.android.c2dm.intent.RECEIVE" />
188-->[com.google.firebase:firebase-iid:12.0.1] AndroidManifest.xml:40:17-81
188-->[com.google.firebase:firebase-iid:12.0.1] AndroidManifest.xml:40:25-78
189
190                <category android:name="com.example.bookland" />
190-->[com.google.firebase:firebase-iid:12.0.1] AndroidManifest.xml:42:17-61
190-->[com.google.firebase:firebase-iid:12.0.1] AndroidManifest.xml:42:27-58
191            </intent-filter>
192        </receiver>
193        <!--
194             FirebaseInstanceIdService performs security checks at runtime,
195             no need for explicit permissions despite exported="true"
196        -->
197        <service
197-->[com.google.firebase:firebase-iid:12.0.1] AndroidManifest.xml:50:9-56:19
198            android:name="com.google.firebase.iid.FirebaseInstanceIdService"
198-->[com.google.firebase:firebase-iid:12.0.1] AndroidManifest.xml:51:13-77
199            android:exported="true" >
199-->[com.google.firebase:firebase-iid:12.0.1] AndroidManifest.xml:52:13-36
200            <intent-filter android:priority="-500" >
200-->[com.google.firebase:firebase-iid:12.0.1] AndroidManifest.xml:53:13-55:29
200-->[com.google.firebase:firebase-iid:12.0.1] AndroidManifest.xml:53:28-51
201                <action android:name="com.google.firebase.INSTANCE_ID_EVENT" />
201-->[com.google.firebase:firebase-iid:12.0.1] AndroidManifest.xml:54:17-80
201-->[com.google.firebase:firebase-iid:12.0.1] AndroidManifest.xml:54:25-77
202            </intent-filter>
203        </service>
204
205        <provider
205-->[com.google.firebase:firebase-common:12.0.1] AndroidManifest.xml:8:9-12:39
206            android:name="com.google.firebase.provider.FirebaseInitProvider"
206-->[com.google.firebase:firebase-common:12.0.1] AndroidManifest.xml:9:13-77
207            android:authorities="com.example.bookland.firebaseinitprovider"
207-->[com.google.firebase:firebase-common:12.0.1] AndroidManifest.xml:10:13-72
208            android:exported="false"
208-->[com.google.firebase:firebase-common:12.0.1] AndroidManifest.xml:11:13-37
209            android:initOrder="100" />
209-->[com.google.firebase:firebase-common:12.0.1] AndroidManifest.xml:12:13-36
210
211        <meta-data
211-->[com.google.android.gms:play-services-basement:12.0.1] AndroidManifest.xml:23:9-25:69
212            android:name="com.google.android.gms.version"
212-->[com.google.android.gms:play-services-basement:12.0.1] AndroidManifest.xml:24:13-58
213            android:value="@integer/google_play_services_version" />
213-->[com.google.android.gms:play-services-basement:12.0.1] AndroidManifest.xml:25:13-66
214    </application>
215
216</manifest>